<?xml version="1.0" encoding="UTF-8"?>
<testsuite xmlns:xsi="http://www.w3.org/2001/XMLSchema-instance" xsi:noNamespaceSchemaLocation="https://maven.apache.org/surefire/maven-surefire-plugin/xsd/surefire-test-report.xsd" name="Mobile_android_Test.Mobile_andoid_Test.ExerciseTest" time="187.095" tests="2" errors="2" skipped="0" failures="0">
  <properties>
    <property name="sun.desktop" value="windows"/>
    <property name="awt.toolkit" value="sun.awt.windows.WToolkit"/>
    <property name="file.encoding.pkg" value="sun.io"/>
    <property name="java.specification.version" value="1.8"/>
    <property name="sun.cpu.isalist" value="amd64"/>
    <property name="sun.jnu.encoding" value="Cp1252"/>
    <property name="java.class.path" value="C:\Users\u6017127\Java_workspace\Mobile_andoid_Test\target\test-classes;C:\Users\u6017127\Java_workspace\Mobile_andoid_Test\target\classes;C:\Users\u6017127\.m2\repository\junit\junit\4.11\junit-4.11.jar;C:\Users\u6017127\.m2\repository\org\hamcrest\hamcrest-core\1.3\hamcrest-core-1.3.jar;C:\Users\u6017127\.m2\repository\org\testng\testng\6.8\testng-6.8.jar;C:\Users\u6017127\.m2\repository\org\beanshell\bsh\2.0b4\bsh-2.0b4.jar;C:\Users\u6017127\.m2\repository\com\beust\jcommander\1.27\jcommander-1.27.jar;C:\Users\u6017127\.m2\repository\org\yaml\snakeyaml\1.6\snakeyaml-1.6.jar;C:\Users\u6017127\.m2\repository\com\comcast\magic-wand\appium\4.0.1\appium-4.0.1.jar;C:\Users\u6017127\.m2\repository\com\comcast\video\dawg\dawg-common\2.0.1\dawg-common-2.0.1.jar;C:\Users\u6017127\.m2\repository\com\comcast\video\stb-io-api\2.0.1\stb-io-api-2.0.1.jar;C:\Users\u6017127\.m2\repository\org\slf4j\slf4j-api\1.7.1\slf4j-api-1.7.1.jar;C:\Users\u6017127\.m2\repository\org\ini4j\ini4j\0.5.4\ini4j-0.5.4.jar;C:\Users\u6017127\.m2\repository\org\easymock\easymock\3.1\easymock-3.1.jar;C:\Users\u6017127\.m2\repository\cglib\cglib-nodep\2.2.2\cglib-nodep-2.2.2.jar;C:\Users\u6017127\.m2\repository\org\objenesis\objenesis\1.2\objenesis-1.2.jar;C:\Users\u6017127\.m2\repository\javax\servlet\servlet-api\2.5\servlet-api-2.5.jar;C:\Users\u6017127\.m2\repository\javax\servlet\jstl\1.2\jstl-1.2.jar;C:\Users\u6017127\.m2\repository\org\springframework\spring-oxm\3.2.14.RELEASE\spring-oxm-3.2.14.RELEASE.jar;C:\Users\u6017127\.m2\repository\org\springframework\spring-webmvc\3.2.14.RELEASE\spring-webmvc-3.2.14.RELEASE.jar;C:\Users\u6017127\.m2\repository\org\springframework\spring-core\3.2.14.RELEASE\spring-core-3.2.14.RELEASE.jar;C:\Users\u6017127\.m2\repository\org\springframework\spring-web\3.2.14.RELEASE\spring-web-3.2.14.RELEASE.jar;C:\Users\u6017127\.m2\repository\org\springframework\spring-jdbc\3.2.14.RELEASE\spring-jdbc-3.2.14.RELEASE.jar;C:\Users\u6017127\.m2\repository\org\springframework\spring-tx\3.2.14.RELEASE\spring-tx-3.2.14.RELEASE.jar;C:\Users\u6017127\.m2\repository\org\springframework\spring-beans\3.2.14.RELEASE\spring-beans-3.2.14.RELEASE.jar;C:\Users\u6017127\.m2\repository\org\springframework\spring-test\3.2.14.RELEASE\spring-test-3.2.14.RELEASE.jar;C:\Users\u6017127\.m2\repository\org\aspectj\aspectjrt\1.7.0\aspectjrt-1.7.0.jar;C:\Users\u6017127\.m2\repository\org\slf4j\jcl-over-slf4j\1.7.1\jcl-over-slf4j-1.7.1.jar;C:\Users\u6017127\.m2\repository\commons-lang\commons-lang\2.6\commons-lang-2.6.jar;C:\Users\u6017127\.m2\repository\com\comcast\cereal\cereal\4.0.2\cereal-4.0.2.jar;C:\Users\u6017127\.m2\repository\joda-time\joda-time\1.5\joda-time-1.5.jar;C:\Users\u6017127\.m2\repository\org\json\json\20140107\json-20140107.jar;C:\Users\u6017127\.m2\repository\org\codehaus\jackson\jackson-mapper-asl\1.9.12\jackson-mapper-asl-1.9.12.jar;C:\Users\u6017127\.m2\repository\org\codehaus\jackson\jackson-core-asl\1.9.12\jackson-core-asl-1.9.12.jar;C:\Users\u6017127\.m2\repository\com\comcast\pantry\pantry\2.0.8\pantry-2.0.8.jar;C:\Users\u6017127\.m2\repository\org\apache\commons\commons-compress\1.9\commons-compress-1.9.jar;C:\Users\u6017127\.m2\repository\log4j\log4j\1.2.17\log4j-1.2.17.jar;C:\Users\u6017127\.m2\repository\org\eclipse\jetty\websocket\websocket-client\9.1.0.M0\websocket-client-9.1.0.M0.jar;C:\Users\u6017127\.m2\repository\org\eclipse\jetty\jetty-util\9.1.0.M0\jetty-util-9.1.0.M0.jar;C:\Users\u6017127\.m2\repository\org\eclipse\jetty\jetty-io\9.1.0.M0\jetty-io-9.1.0.M0.jar;C:\Users\u6017127\.m2\repository\org\eclipse\jetty\websocket\websocket-common\9.1.0.M0\websocket-common-9.1.0.M0.jar;C:\Users\u6017127\.m2\repository\org\eclipse\jetty\websocket\websocket-api\9.1.0.M0\websocket-api-9.1.0.M0.jar;C:\Users\u6017127\.m2\repository\javax\inject\javax.inject\1\javax.inject-1.jar;C:\Users\u6017127\.m2\repository\org\springframework\data\spring-data-mongodb\1.5.4.RELEASE\spring-data-mongodb-1.5.4.RELEASE.jar;C:\Users\u6017127\.m2\repository\org\springframework\data\spring-data-commons\1.8.4.RELEASE\spring-data-commons-1.8.4.RELEASE.jar;C:\Users\u6017127\.m2\repository\org\mongodb\mongo-java-driver\2.12.1\mongo-java-driver-2.12.1.jar;C:\Users\u6017127\.m2\repository\taglibs\standard\1.1.2\standard-1.1.2.jar;C:\Users\u6017127\.m2\repository\eu\bitwalker\UserAgentUtils\1.18\UserAgentUtils-1.18.jar;C:\Users\u6017127\.m2\repository\org\eclipse\jetty\aggregate\jetty-all-server\7.6.7.v20120910\jetty-all-server-7.6.7.v20120910.jar;C:\Users\u6017127\.m2\repository\org\eclipse\jetty\orbit\javax.security.auth.message\1.0.0.v201108011116\javax.security.auth.message-1.0.0.v201108011116.jar;C:\Users\u6017127\.m2\repository\org\eclipse\jetty\orbit\javax.mail.glassfish\1.4.1.v201005082020\javax.mail.glassfish-1.4.1.v201005082020.jar;C:\Users\u6017127\.m2\repository\org\eclipse\jetty\orbit\javax.activation\1.1.0.v201105071233\javax.activation-1.1.0.v201105071233.jar;C:\Users\u6017127\.m2\repository\org\eclipse\jetty\orbit\javax.annotation\1.1.0.v201108011116\javax.annotation-1.1.0.v201108011116.jar;C:\Users\u6017127\.m2\repository\org\reflections\reflections\0.9.9-RC2\reflections-0.9.9-RC2.jar;C:\Users\u6017127\.m2\repository\org\javassist\javassist\3.18.2-GA\javassist-3.18.2-GA.jar;C:\Users\u6017127\.m2\repository\com\google\code\findbugs\annotations\2.0.1\annotations-2.0.1.jar;C:\Users\u6017127\.m2\repository\dom4j\dom4j\1.6.1\dom4j-1.6.1.jar;C:\Users\u6017127\.m2\repository\xml-apis\xml-apis\1.0.b2\xml-apis-1.0.b2.jar;C:\Users\u6017127\.m2\repository\com\comcast\video\dawg\dawg-client\2.0.1\dawg-client-2.0.1.jar;C:\Users\u6017127\.m2\repository\com\comcast\drivethru\drive-thru\2.0.3\drive-thru-2.0.3.jar;C:\Users\u6017127\.m2\repository\oauth\signpost\signpost-core\1.2.1\signpost-core-1.2.1.jar;C:\Users\u6017127\.m2\repository\oauth\signpost\signpost-commonshttp4\1.2.1\signpost-commonshttp4-1.2.1.jar;C:\Users\u6017127\.m2\repository\com\comcast\magic-wand\core\4.0.1\core-4.0.1.jar;C:\Users\u6017127\.m2\repository\ch\qos\logback\logback-classic\1.1.2\logback-classic-1.1.2.jar;C:\Users\u6017127\.m2\repository\ch\qos\logback\logback-core\1.1.2\logback-core-1.1.2.jar;C:\Users\u6017127\.m2\repository\io\appium\java-client\5.0.4\java-client-5.0.4.jar;C:\Users\u6017127\.m2\repository\org\seleniumhq\selenium\selenium-support\3.6.0\selenium-support-3.6.0.jar;C:\Users\u6017127\.m2\repository\com\google\code\gson\gson\2.8.2\gson-2.8.2.jar;C:\Users\u6017127\.m2\repository\org\apache\httpcomponents\httpclient\4.5.3\httpclient-4.5.3.jar;C:\Users\u6017127\.m2\repository\cglib\cglib\3.2.5\cglib-3.2.5.jar;C:\Users\u6017127\.m2\repository\org\ow2\asm\asm\5.2\asm-5.2.jar;C:\Users\u6017127\.m2\repository\org\apache\ant\ant\1.9.6\ant-1.9.6.jar;C:\Users\u6017127\.m2\repository\org\apache\ant\ant-launcher\1.9.6\ant-launcher-1.9.6.jar;C:\Users\u6017127\.m2\repository\commons-validator\commons-validator\1.6\commons-validator-1.6.jar;C:\Users\u6017127\.m2\repository\commons-beanutils\commons-beanutils\1.9.2\commons-beanutils-1.9.2.jar;C:\Users\u6017127\.m2\repository\commons-digester\commons-digester\1.8.1\commons-digester-1.8.1.jar;C:\Users\u6017127\.m2\repository\org\apache\commons\commons-lang3\3.6\commons-lang3-3.6.jar;C:\Users\u6017127\.m2\repository\commons-io\commons-io\2.5\commons-io-2.5.jar;C:\Users\u6017127\.m2\repository\org\springframework\spring-context\5.0.0.RELEASE\spring-context-5.0.0.RELEASE.jar;C:\Users\u6017127\.m2\repository\org\springframework\spring-aop\5.0.0.RELEASE\spring-aop-5.0.0.RELEASE.jar;C:\Users\u6017127\.m2\repository\org\springframework\spring-expression\5.0.0.RELEASE\spring-expression-5.0.0.RELEASE.jar;C:\Users\u6017127\.m2\repository\org\aspectj\aspectjweaver\1.8.11\aspectjweaver-1.8.11.jar;C:\Users\u6017127\.m2\repository\org\openpnp\opencv\3.2.0-1\opencv-3.2.0-1.jar;C:\Users\u6017127\.m2\repository\org\junit\jupiter\junit-jupiter-api\5.0.0\junit-jupiter-api-5.0.0.jar;C:\Users\u6017127\.m2\repository\org\apiguardian\apiguardian-api\1.0.0\apiguardian-api-1.0.0.jar;C:\Users\u6017127\.m2\repository\org\opentest4j\opentest4j\1.0.0\opentest4j-1.0.0.jar;C:\Users\u6017127\.m2\repository\org\junit\platform\junit-platform-commons\1.0.0\junit-platform-commons-1.0.0.jar;C:\Users\u6017127\.m2\repository\org\seleniumhq\selenium\selenium-htmlunit-driver\2.52.0\selenium-htmlunit-driver-2.52.0.jar;C:\Users\u6017127\.m2\repository\net\sourceforge\htmlunit\htmlunit\2.18\htmlunit-2.18.jar;C:\Users\u6017127\.m2\repository\commons-collections\commons-collections\3.2.2\commons-collections-3.2.2.jar;C:\Users\u6017127\.m2\repository\org\seleniumhq\selenium\selenium-api\3.12.0\selenium-api-3.12.0.jar;C:\Users\u6017127\.m2\repository\org\seleniumhq\selenium\selenium-java\3.6.0\selenium-java-3.6.0.jar;C:\Users\u6017127\.m2\repository\org\seleniumhq\selenium\selenium-chrome-driver\3.6.0\selenium-chrome-driver-3.6.0.jar;C:\Users\u6017127\.m2\repository\org\seleniumhq\selenium\selenium-edge-driver\3.6.0\selenium-edge-driver-3.6.0.jar;C:\Users\u6017127\.m2\repository\org\seleniumhq\selenium\selenium-firefox-driver\3.6.0\selenium-firefox-driver-3.6.0.jar;C:\Users\u6017127\.m2\repository\org\seleniumhq\selenium\selenium-ie-driver\3.6.0\selenium-ie-driver-3.6.0.jar;C:\Users\u6017127\.m2\repository\org\seleniumhq\selenium\selenium-opera-driver\3.6.0\selenium-opera-driver-3.6.0.jar;C:\Users\u6017127\.m2\repository\org\seleniumhq\selenium\selenium-safari-driver\3.6.0\selenium-safari-driver-3.6.0.jar;C:\Users\u6017127\.m2\repository\net\bytebuddy\byte-buddy\1.7.5\byte-buddy-1.7.5.jar;C:\Users\u6017127\.m2\repository\org\apache\commons\commons-exec\1.3\commons-exec-1.3.jar;C:\Users\u6017127\.m2\repository\commons-codec\commons-codec\1.10\commons-codec-1.10.jar;C:\Users\u6017127\.m2\repository\commons-logging\commons-logging\1.2\commons-logging-1.2.jar;C:\Users\u6017127\.m2\repository\org\apache\httpcomponents\httpcore\4.4.6\httpcore-4.4.6.jar;C:\Users\u6017127\.m2\repository\net\java\dev\jna\jna\4.1.0\jna-4.1.0.jar;C:\Users\u6017127\.m2\repository\net\java\dev\jna\jna-platform\4.1.0\jna-platform-4.1.0.jar;C:\Users\u6017127\.m2\repository\org\seleniumhq\selenium\selenium-remote-driver\3.12.0\selenium-remote-driver-3.12.0.jar;C:\Users\u6017127\.m2\repository\com\squareup\okhttp3\okhttp\3.9.1\okhttp-3.9.1.jar;C:\Users\u6017127\.m2\repository\com\squareup\okio\okio\1.13.0\okio-1.13.0.jar;C:\Users\u6017127\.m2\repository\com\google\guava\guava\24.0-jre\guava-24.0-jre.jar;C:\Users\u6017127\.m2\repository\com\google\code\findbugs\jsr305\1.3.9\jsr305-1.3.9.jar;C:\Users\u6017127\.m2\repository\org\checkerframework\checker-compat-qual\2.0.0\checker-compat-qual-2.0.0.jar;C:\Users\u6017127\.m2\repository\com\google\errorprone\error_prone_annotations\2.1.3\error_prone_annotations-2.1.3.jar;C:\Users\u6017127\.m2\repository\com\google\j2objc\j2objc-annotations\1.1\j2objc-annotations-1.1.jar;C:\Users\u6017127\.m2\repository\org\codehaus\mojo\animal-sniffer-annotations\1.14\animal-sniffer-annotations-1.14.jar;C:\Users\u6017127\.m2\repository\org\apache\maven\surefire\surefire-testng-utils\2.22.0\surefire-testng-utils-2.22.0.jar;C:\Users\u6017127\.m2\repository\org\apache\maven\surefire\surefire-grouper\2.22.0\surefire-grouper-2.22.0.jar;"/>
    <property name="java.vm.vendor" value="Oracle Corporation"/>
    <property name="sun.arch.data.model" value="64"/>
    <property name="user.variant" value=""/>
    <property name="java.vendor.url" value="http://java.oracle.com/"/>
    <property name="user.timezone" value="Europe/London"/>
    <property name="java.vm.specification.version" value="1.8"/>
    <property name="os.name" value="Windows 7"/>
    <property name="user.country" value="GB"/>
    <property name="sun.java.launcher" value="SUN_STANDARD"/>
    <property name="sun.boot.library.path" value="C:\Program Files\Java\jdk1.8.0_45\jre\bin"/>
    <property name="sun.java.command" value="C:\Users\u6017127\AppData\Local\Temp\surefire8294440566997324398\surefirebooter6943317384064154927.jar C:\Users\u6017127\AppData\Local\Temp\surefire8294440566997324398 2018-06-19T16-12-35_348-jvmRun1 surefire4120825913780113914tmp surefire_01315653403952667369tmp"/>
    <property name="surefire.test.class.path" value="C:\Users\u6017127\Java_workspace\Mobile_andoid_Test\target\test-classes;C:\Users\u6017127\Java_workspace\Mobile_andoid_Test\target\classes;C:\Users\u6017127\.m2\repository\junit\junit\4.11\junit-4.11.jar;C:\Users\u6017127\.m2\repository\org\hamcrest\hamcrest-core\1.3\hamcrest-core-1.3.jar;C:\Users\u6017127\.m2\repository\org\testng\testng\6.8\testng-6.8.jar;C:\Users\u6017127\.m2\repository\org\beanshell\bsh\2.0b4\bsh-2.0b4.jar;C:\Users\u6017127\.m2\repository\com\beust\jcommander\1.27\jcommander-1.27.jar;C:\Users\u6017127\.m2\repository\org\yaml\snakeyaml\1.6\snakeyaml-1.6.jar;C:\Users\u6017127\.m2\repository\com\comcast\magic-wand\appium\4.0.1\appium-4.0.1.jar;C:\Users\u6017127\.m2\repository\com\comcast\video\dawg\dawg-common\2.0.1\dawg-common-2.0.1.jar;C:\Users\u6017127\.m2\repository\com\comcast\video\stb-io-api\2.0.1\stb-io-api-2.0.1.jar;C:\Users\u6017127\.m2\repository\org\slf4j\slf4j-api\1.7.1\slf4j-api-1.7.1.jar;C:\Users\u6017127\.m2\repository\org\ini4j\ini4j\0.5.4\ini4j-0.5.4.jar;C:\Users\u6017127\.m2\repository\org\easymock\easymock\3.1\easymock-3.1.jar;C:\Users\u6017127\.m2\repository\cglib\cglib-nodep\2.2.2\cglib-nodep-2.2.2.jar;C:\Users\u6017127\.m2\repository\org\objenesis\objenesis\1.2\objenesis-1.2.jar;C:\Users\u6017127\.m2\repository\javax\servlet\servlet-api\2.5\servlet-api-2.5.jar;C:\Users\u6017127\.m2\repository\javax\servlet\jstl\1.2\jstl-1.2.jar;C:\Users\u6017127\.m2\repository\org\springframework\spring-oxm\3.2.14.RELEASE\spring-oxm-3.2.14.RELEASE.jar;C:\Users\u6017127\.m2\repository\org\springframework\spring-webmvc\3.2.14.RELEASE\spring-webmvc-3.2.14.RELEASE.jar;C:\Users\u6017127\.m2\repository\org\springframework\spring-core\3.2.14.RELEASE\spring-core-3.2.14.RELEASE.jar;C:\Users\u6017127\.m2\repository\org\springframework\spring-web\3.2.14.RELEASE\spring-web-3.2.14.RELEASE.jar;C:\Users\u6017127\.m2\repository\org\springframework\spring-jdbc\3.2.14.RELEASE\spring-jdbc-3.2.14.RELEASE.jar;C:\Users\u6017127\.m2\repository\org\springframework\spring-tx\3.2.14.RELEASE\spring-tx-3.2.14.RELEASE.jar;C:\Users\u6017127\.m2\repository\org\springframework\spring-beans\3.2.14.RELEASE\spring-beans-3.2.14.RELEASE.jar;C:\Users\u6017127\.m2\repository\org\springframework\spring-test\3.2.14.RELEASE\spring-test-3.2.14.RELEASE.jar;C:\Users\u6017127\.m2\repository\org\aspectj\aspectjrt\1.7.0\aspectjrt-1.7.0.jar;C:\Users\u6017127\.m2\repository\org\slf4j\jcl-over-slf4j\1.7.1\jcl-over-slf4j-1.7.1.jar;C:\Users\u6017127\.m2\repository\commons-lang\commons-lang\2.6\commons-lang-2.6.jar;C:\Users\u6017127\.m2\repository\com\comcast\cereal\cereal\4.0.2\cereal-4.0.2.jar;C:\Users\u6017127\.m2\repository\joda-time\joda-time\1.5\joda-time-1.5.jar;C:\Users\u6017127\.m2\repository\org\json\json\20140107\json-20140107.jar;C:\Users\u6017127\.m2\repository\org\codehaus\jackson\jackson-mapper-asl\1.9.12\jackson-mapper-asl-1.9.12.jar;C:\Users\u6017127\.m2\repository\org\codehaus\jackson\jackson-core-asl\1.9.12\jackson-core-asl-1.9.12.jar;C:\Users\u6017127\.m2\repository\com\comcast\pantry\pantry\2.0.8\pantry-2.0.8.jar;C:\Users\u6017127\.m2\repository\org\apache\commons\commons-compress\1.9\commons-compress-1.9.jar;C:\Users\u6017127\.m2\repository\log4j\log4j\1.2.17\log4j-1.2.17.jar;C:\Users\u6017127\.m2\repository\org\eclipse\jetty\websocket\websocket-client\9.1.0.M0\websocket-client-9.1.0.M0.jar;C:\Users\u6017127\.m2\repository\org\eclipse\jetty\jetty-util\9.1.0.M0\jetty-util-9.1.0.M0.jar;C:\Users\u6017127\.m2\repository\org\eclipse\jetty\jetty-io\9.1.0.M0\jetty-io-9.1.0.M0.jar;C:\Users\u6017127\.m2\repository\org\eclipse\jetty\websocket\websocket-common\9.1.0.M0\websocket-common-9.1.0.M0.jar;C:\Users\u6017127\.m2\repository\org\eclipse\jetty\websocket\websocket-api\9.1.0.M0\websocket-api-9.1.0.M0.jar;C:\Users\u6017127\.m2\repository\javax\inject\javax.inject\1\javax.inject-1.jar;C:\Users\u6017127\.m2\repository\org\springframework\data\spring-data-mongodb\1.5.4.RELEASE\spring-data-mongodb-1.5.4.RELEASE.jar;C:\Users\u6017127\.m2\repository\org\springframework\data\spring-data-commons\1.8.4.RELEASE\spring-data-commons-1.8.4.RELEASE.jar;C:\Users\u6017127\.m2\repository\org\mongodb\mongo-java-driver\2.12.1\mongo-java-driver-2.12.1.jar;C:\Users\u6017127\.m2\repository\taglibs\standard\1.1.2\standard-1.1.2.jar;C:\Users\u6017127\.m2\repository\eu\bitwalker\UserAgentUtils\1.18\UserAgentUtils-1.18.jar;C:\Users\u6017127\.m2\repository\org\eclipse\jetty\aggregate\jetty-all-server\7.6.7.v20120910\jetty-all-server-7.6.7.v20120910.jar;C:\Users\u6017127\.m2\repository\org\eclipse\jetty\orbit\javax.security.auth.message\1.0.0.v201108011116\javax.security.auth.message-1.0.0.v201108011116.jar;C:\Users\u6017127\.m2\repository\org\eclipse\jetty\orbit\javax.mail.glassfish\1.4.1.v201005082020\javax.mail.glassfish-1.4.1.v201005082020.jar;C:\Users\u6017127\.m2\repository\org\eclipse\jetty\orbit\javax.activation\1.1.0.v201105071233\javax.activation-1.1.0.v201105071233.jar;C:\Users\u6017127\.m2\repository\org\eclipse\jetty\orbit\javax.annotation\1.1.0.v201108011116\javax.annotation-1.1.0.v201108011116.jar;C:\Users\u6017127\.m2\repository\org\reflections\reflections\0.9.9-RC2\reflections-0.9.9-RC2.jar;C:\Users\u6017127\.m2\repository\org\javassist\javassist\3.18.2-GA\javassist-3.18.2-GA.jar;C:\Users\u6017127\.m2\repository\com\google\code\findbugs\annotations\2.0.1\annotations-2.0.1.jar;C:\Users\u6017127\.m2\repository\dom4j\dom4j\1.6.1\dom4j-1.6.1.jar;C:\Users\u6017127\.m2\repository\xml-apis\xml-apis\1.0.b2\xml-apis-1.0.b2.jar;C:\Users\u6017127\.m2\repository\com\comcast\video\dawg\dawg-client\2.0.1\dawg-client-2.0.1.jar;C:\Users\u6017127\.m2\repository\com\comcast\drivethru\drive-thru\2.0.3\drive-thru-2.0.3.jar;C:\Users\u6017127\.m2\repository\oauth\signpost\signpost-core\1.2.1\signpost-core-1.2.1.jar;C:\Users\u6017127\.m2\repository\oauth\signpost\signpost-commonshttp4\1.2.1\signpost-commonshttp4-1.2.1.jar;C:\Users\u6017127\.m2\repository\com\comcast\magic-wand\core\4.0.1\core-4.0.1.jar;C:\Users\u6017127\.m2\repository\ch\qos\logback\logback-classic\1.1.2\logback-classic-1.1.2.jar;C:\Users\u6017127\.m2\repository\ch\qos\logback\logback-core\1.1.2\logback-core-1.1.2.jar;C:\Users\u6017127\.m2\repository\io\appium\java-client\5.0.4\java-client-5.0.4.jar;C:\Users\u6017127\.m2\repository\org\seleniumhq\selenium\selenium-support\3.6.0\selenium-support-3.6.0.jar;C:\Users\u6017127\.m2\repository\com\google\code\gson\gson\2.8.2\gson-2.8.2.jar;C:\Users\u6017127\.m2\repository\org\apache\httpcomponents\httpclient\4.5.3\httpclient-4.5.3.jar;C:\Users\u6017127\.m2\repository\cglib\cglib\3.2.5\cglib-3.2.5.jar;C:\Users\u6017127\.m2\repository\org\ow2\asm\asm\5.2\asm-5.2.jar;C:\Users\u6017127\.m2\repository\org\apache\ant\ant\1.9.6\ant-1.9.6.jar;C:\Users\u6017127\.m2\repository\org\apache\ant\ant-launcher\1.9.6\ant-launcher-1.9.6.jar;C:\Users\u6017127\.m2\repository\commons-validator\commons-validator\1.6\commons-validator-1.6.jar;C:\Users\u6017127\.m2\repository\commons-beanutils\commons-beanutils\1.9.2\commons-beanutils-1.9.2.jar;C:\Users\u6017127\.m2\repository\commons-digester\commons-digester\1.8.1\commons-digester-1.8.1.jar;C:\Users\u6017127\.m2\repository\org\apache\commons\commons-lang3\3.6\commons-lang3-3.6.jar;C:\Users\u6017127\.m2\repository\commons-io\commons-io\2.5\commons-io-2.5.jar;C:\Users\u6017127\.m2\repository\org\springframework\spring-context\5.0.0.RELEASE\spring-context-5.0.0.RELEASE.jar;C:\Users\u6017127\.m2\repository\org\springframework\spring-aop\5.0.0.RELEASE\spring-aop-5.0.0.RELEASE.jar;C:\Users\u6017127\.m2\repository\org\springframework\spring-expression\5.0.0.RELEASE\spring-expression-5.0.0.RELEASE.jar;C:\Users\u6017127\.m2\repository\org\aspectj\aspectjweaver\1.8.11\aspectjweaver-1.8.11.jar;C:\Users\u6017127\.m2\repository\org\openpnp\opencv\3.2.0-1\opencv-3.2.0-1.jar;C:\Users\u6017127\.m2\repository\org\junit\jupiter\junit-jupiter-api\5.0.0\junit-jupiter-api-5.0.0.jar;C:\Users\u6017127\.m2\repository\org\apiguardian\apiguardian-api\1.0.0\apiguardian-api-1.0.0.jar;C:\Users\u6017127\.m2\repository\org\opentest4j\opentest4j\1.0.0\opentest4j-1.0.0.jar;C:\Users\u6017127\.m2\repository\org\junit\platform\junit-platform-commons\1.0.0\junit-platform-commons-1.0.0.jar;C:\Users\u6017127\.m2\repository\org\seleniumhq\selenium\selenium-htmlunit-driver\2.52.0\selenium-htmlunit-driver-2.52.0.jar;C:\Users\u6017127\.m2\repository\net\sourceforge\htmlunit\htmlunit\2.18\htmlunit-2.18.jar;C:\Users\u6017127\.m2\repository\commons-collections\commons-collections\3.2.2\commons-collections-3.2.2.jar;C:\Users\u6017127\.m2\repository\org\seleniumhq\selenium\selenium-api\3.12.0\selenium-api-3.12.0.jar;C:\Users\u6017127\.m2\repository\org\seleniumhq\selenium\selenium-java\3.6.0\selenium-java-3.6.0.jar;C:\Users\u6017127\.m2\repository\org\seleniumhq\selenium\selenium-chrome-driver\3.6.0\selenium-chrome-driver-3.6.0.jar;C:\Users\u6017127\.m2\repository\org\seleniumhq\selenium\selenium-edge-driver\3.6.0\selenium-edge-driver-3.6.0.jar;C:\Users\u6017127\.m2\repository\org\seleniumhq\selenium\selenium-firefox-driver\3.6.0\selenium-firefox-driver-3.6.0.jar;C:\Users\u6017127\.m2\repository\org\seleniumhq\selenium\selenium-ie-driver\3.6.0\selenium-ie-driver-3.6.0.jar;C:\Users\u6017127\.m2\repository\org\seleniumhq\selenium\selenium-opera-driver\3.6.0\selenium-opera-driver-3.6.0.jar;C:\Users\u6017127\.m2\repository\org\seleniumhq\selenium\selenium-safari-driver\3.6.0\selenium-safari-driver-3.6.0.jar;C:\Users\u6017127\.m2\repository\net\bytebuddy\byte-buddy\1.7.5\byte-buddy-1.7.5.jar;C:\Users\u6017127\.m2\repository\org\apache\commons\commons-exec\1.3\commons-exec-1.3.jar;C:\Users\u6017127\.m2\repository\commons-codec\commons-codec\1.10\commons-codec-1.10.jar;C:\Users\u6017127\.m2\repository\commons-logging\commons-logging\1.2\commons-logging-1.2.jar;C:\Users\u6017127\.m2\repository\org\apache\httpcomponents\httpcore\4.4.6\httpcore-4.4.6.jar;C:\Users\u6017127\.m2\repository\net\java\dev\jna\jna\4.1.0\jna-4.1.0.jar;C:\Users\u6017127\.m2\repository\net\java\dev\jna\jna-platform\4.1.0\jna-platform-4.1.0.jar;C:\Users\u6017127\.m2\repository\org\seleniumhq\selenium\selenium-remote-driver\3.12.0\selenium-remote-driver-3.12.0.jar;C:\Users\u6017127\.m2\repository\com\squareup\okhttp3\okhttp\3.9.1\okhttp-3.9.1.jar;C:\Users\u6017127\.m2\repository\com\squareup\okio\okio\1.13.0\okio-1.13.0.jar;C:\Users\u6017127\.m2\repository\com\google\guava\guava\24.0-jre\guava-24.0-jre.jar;C:\Users\u6017127\.m2\repository\com\google\code\findbugs\jsr305\1.3.9\jsr305-1.3.9.jar;C:\Users\u6017127\.m2\repository\org\checkerframework\checker-compat-qual\2.0.0\checker-compat-qual-2.0.0.jar;C:\Users\u6017127\.m2\repository\com\google\errorprone\error_prone_annotations\2.1.3\error_prone_annotations-2.1.3.jar;C:\Users\u6017127\.m2\repository\com\google\j2objc\j2objc-annotations\1.1\j2objc-annotations-1.1.jar;C:\Users\u6017127\.m2\repository\org\codehaus\mojo\animal-sniffer-annotations\1.14\animal-sniffer-annotations-1.14.jar;C:\Users\u6017127\.m2\repository\org\apache\maven\surefire\surefire-testng-utils\2.22.0\surefire-testng-utils-2.22.0.jar;C:\Users\u6017127\.m2\repository\org\apache\maven\surefire\surefire-grouper\2.22.0\surefire-grouper-2.22.0.jar;"/>
    <property name="sun.cpu.endian" value="little"/>
    <property name="user.home" value="C:\Users\u6017127"/>
    <property name="user.language" value="en"/>
    <property name="java.specification.vendor" value="Oracle Corporation"/>
    <property name="java.home" value="C:\Program Files\Java\jdk1.8.0_45\jre"/>
    <property name="basedir" value="C:\Users\u6017127\Java_workspace\Mobile_andoid_Test"/>
    <property name="file.separator" value="\"/>
    <property name="line.separator" value="&#10;"/>
    <property name="java.vm.specification.vendor" value="Oracle Corporation"/>
    <property name="java.specification.name" value="Java Platform API Specification"/>
    <property name="java.awt.graphicsenv" value="sun.awt.Win32GraphicsEnvironment"/>
    <property name="surefire.real.class.path" value="C:\Users\u6017127\AppData\Local\Temp\surefire8294440566997324398\surefirebooter6943317384064154927.jar"/>
    <property name="sun.boot.class.path" value="C:\Program Files\Java\jdk1.8.0_45\jre\lib\resources.jar;C:\Program Files\Java\jdk1.8.0_45\jre\lib\rt.jar;C:\Program Files\Java\jdk1.8.0_45\jre\lib\sunrsasign.jar;C:\Program Files\Java\jdk1.8.0_45\jre\lib\jsse.jar;C:\Program Files\Java\jdk1.8.0_45\jre\lib\jce.jar;C:\Program Files\Java\jdk1.8.0_45\jre\lib\charsets.jar;C:\Program Files\Java\jdk1.8.0_45\jre\lib\jfr.jar;C:\Program Files\Java\jdk1.8.0_45\jre\classes"/>
    <property name="user.script" value=""/>
    <property name="sun.management.compiler" value="HotSpot 64-Bit Tiered Compilers"/>
    <property name="java.runtime.version" value="1.8.0_45-b14"/>
    <property name="user.name" value="u6017127"/>
    <property name="path.separator" value=";"/>
    <property name="os.version" value="6.1"/>
    <property name="java.endorsed.dirs" value="C:\Program Files\Java\jdk1.8.0_45\jre\lib\endorsed"/>
    <property name="java.runtime.name" value="Java(TM) SE Runtime Environment"/>
    <property name="file.encoding" value="Cp1252"/>
    <property name="java.vm.name" value="Java HotSpot(TM) 64-Bit Server VM"/>
    <property name="localRepository" value="C:\Users\u6017127\.m2\repository"/>
    <property name="java.vendor.url.bug" value="http://bugreport.sun.com/bugreport/"/>
    <property name="java.io.tmpdir" value="C:\Users\u6017127\AppData\Local\Temp\"/>
    <property name="java.version" value="1.8.0_45"/>
    <property name="user.dir" value="C:\Users\u6017127\Java_workspace\Mobile_andoid_Test"/>
    <property name="os.arch" value="amd64"/>
    <property name="java.vm.specification.name" value="Java Virtual Machine Specification"/>
    <property name="java.awt.printerjob" value="sun.awt.windows.WPrinterJob"/>
    <property name="sun.os.patch.level" value="Service Pack 1"/>
    <property name="java.library.path" value="C:\Program Files\Java\jdk1.8.0_45\jre\bin;C:\windows\Sun\Java\bin;C:\windows\system32;C:\windows;C:\Program Files (x86)\Common Files\Oracle\Java\javapath;C:\GATS\Tools;C:\STAF\jre\bin;C:\STAF\bin;C:\app\u6017127\product\11.2.0\client_2;C:\app\u6017127\product\11.2.0\client_1;C:\ProgramData\Oracle\Java\javapath;C:\Users\u6017127\Downloads\IEDriverServer_x64_2.44.0;C:\Perl64\site\bin;C:\Perl64\bin;C:\Program Files (x86)\AMD APP\bin\x86_64;C:\Program Files (x86)\AMD APP\bin\x86;C:\windows\system32;C:\windows;C:\windows\System32\Wbem;C:\windows\System32\WindowsPowerShell\v1.0\;C:\Program Files (x86)\ATI Technologies\ATI.ACE\Core-Static;C:\Program Files (x86)\Attachmate\Reflection\;C:\HashiCorp\Vagrant\bin;C:\Python27\Scripts;C:\Python27;C:\Users\u6017127\AppData\Local\Google\Chrome;C:\Users\u6017127\AppData\Local\Mozilla\Firefox;C:\Ruby23\bin;C:\Program Files (x86)\Sennheiser\SoftphoneSDK\;C:\Program Files\Git\cmd;C:\Program Files (x86)\WinRAR;C:\Users\u6017127\gradle-4.5.1\bin;C:\Program Files\Java\jdk1.8.0_45\bin;C:\Users\u6017127\AppData\Local\Android\Sdk\tools\bin;C:\Users\u6017127\AppData\Local\Android\Sdk\tools;C:\Users\u6017127\AppData\Local\Android\Sdk\platform-tools;C:\Program Files\nodejs;C:\Program Files\nodejs\node_modules\npm\bin;C:\GATS\Tools;C:\STAF\jre\bin;C:\STAF\bin;C:\Users\u6017127\Downloads\IEDriverServer_x64_2.44.0;C:\Users\u6017127\Downloads\SKIT\lib;C:\Users\u6017127\Downloads\IEDriverServer_x64_2.44.0;C:\Perl64\site\bin;C:\Perl64\bin;C:\Program Files (x86)\AMD APP\bin\x86_64;C:\Program Files (x86)\AMD APP\bin\x86;C:\windows\system32;C:\windows;C:\windows\System32\Wbem;C:\windows\System32\WindowsPowerShell\v1.0\;C:\Program Files (x86)\ATI Technologies\ATI.ACE\Core-Static;C:\Program Files (x86)\QuickTime\QTSystem\;C:\Users\u6017127\Downloads\SKIT\bin;C:\utilities;C:\SPBGEN\VIM\VIM74;C:\Batch Files;C:\Python27;C:\Python27\Scripts;C:\Program Files\Java\jre7\bin;C:\Users\u6017127\Documents\apache-maven-3.3.9\bin;C:\Program Files\Java\jdk1.8.0_45\bin;C:\Program Files\JUnit;C:\Program Files\Git\bin;C:\Users\u6017127\AppData\Local\Google\Chrome;C:\Users\u6017127\AppData\Local\Mozilla\Firefox;C:\Program Files (x86)\WinRAR;C:\Users\u6017127\gradle-4.5.1\bin;C:\Users\u6017127\AppData\Roaming\npm;."/>
    <property name="java.vm.info" value="mixed mode"/>
    <property name="java.vendor" value="Oracle Corporation"/>
    <property name="java.vm.version" value="25.45-b02"/>
    <property name="java.ext.dirs" value="C:\Program Files\Java\jdk1.8.0_45\jre\lib\ext;C:\windows\Sun\Java\lib\ext"/>
    <property name="sun.io.unicode.encoding" value="UnicodeLittle"/>
    <property name="java.class.version" value="52.0"/>
  </properties>
  <testcase name="NoAccountTest" classname="Mobile_android_Test.Mobile_andoid_Test.ExerciseTest" time="84.085">
    <error message="Expected condition failed: waiting for element to be clickable: By.id: identifierNext (tried for 30 second(s) with 500 MILLISECONDS interval)" type="org.openqa.selenium.TimeoutException">org.openqa.selenium.TimeoutException: Expected condition failed: waiting for element to be clickable: By.id: identifierNext (tried for 30 second(s) with 500 MILLISECONDS interval)
	at Mobile_android_Test.Mobile_andoid_Test.ExerciseTest.NoAccountTest(ExerciseTest.java:56)
Caused by: org.openqa.selenium.NoSuchElementException: 
Cannot locate an element using By.id: identifierNext
For documentation on this error, please visit: http://seleniumhq.org/exceptions/no_such_element.html
Build info: version: '3.12.0', revision: '7c6e0b3', time: '2018-05-08T14:04:26.12Z'
System info: host: 'U6017127-TPD-A', ip: '10.9.215.84', os.name: 'Windows 7', os.arch: 'amd64', os.version: '6.1', java.version: '1.8.0_45'
Driver info: driver.version: unknown
	at Mobile_android_Test.Mobile_andoid_Test.ExerciseTest.NoAccountTest(ExerciseTest.java:56)
</error>
    <system-err><![CDATA[Jun 19, 2018 4:21:32 PM org.openqa.selenium.remote.ProtocolHandshake createSession
INFO: Detected dialect: OSS
]]></system-err>
  </testcase>
  <testcase name="ToggleTest" classname="Mobile_android_Test.Mobile_andoid_Test.ExerciseTest" time="103.01">
    <error message="Returned value cannot be converted to WebElement: {error=invalid selector, message=Argument was an invalid selector (e.g. XPath/CSS)., stacktrace=InvalidSelectorError: Argument was an invalid selector (e.g. XPath/CSS).&#10;    at errorFromMJSONWPStatusCode (C:\Users\u6017127\AppData\Roaming\npm\node_modules\appium\node_modules\appium-base-driver\lib\protocol\errors.js:769:12)&#10;    at Socket.&lt;anonymous&gt; (C:\Users\u6017127\AppData\Roaming\npm\node_modules\appium\node_modules\appium-android-bootstrap\lib\bootstrap.js:129:18)&#10;    at emitOne (events.js:116:13)&#10;    at Socket.emit (events.js:211:7)&#10;    at addChunk (_stream_readable.js:263:12)&#10;    at readableAddChunk (_stream_readable.js:246:13)&#10;    at Socket.Readable.push (_stream_readable.js:208:10)&#10;    at TCP.onread (net.js:607:20)}&#10;Build info: version: &apos;3.12.0&apos;, revision: &apos;7c6e0b3&apos;, time: &apos;2018-05-08T14:04:26.12Z&apos;&#10;System info: host: &apos;U6017127-TPD-A&apos;, ip: &apos;10.9.215.84&apos;, os.name: &apos;Windows 7&apos;, os.arch: &apos;amd64&apos;, os.version: &apos;6.1&apos;, java.version: &apos;1.8.0_45&apos;&#10;Driver info: driver.version: AndroidDriver" type="org.openqa.selenium.WebDriverException"><![CDATA[org.openqa.selenium.WebDriverException: 
Returned value cannot be converted to WebElement: {error=invalid selector, message=Argument was an invalid selector (e.g. XPath/CSS)., stacktrace=InvalidSelectorError: Argument was an invalid selector (e.g. XPath/CSS).
    at errorFromMJSONWPStatusCode (C:\Users\u6017127\AppData\Roaming\npm\node_modules\appium\node_modules\appium-base-driver\lib\protocol\errors.js:769:12)
    at Socket.<anonymous> (C:\Users\u6017127\AppData\Roaming\npm\node_modules\appium\node_modules\appium-android-bootstrap\lib\bootstrap.js:129:18)
    at emitOne (events.js:116:13)
    at Socket.emit (events.js:211:7)
    at addChunk (_stream_readable.js:263:12)
    at readableAddChunk (_stream_readable.js:246:13)
    at Socket.Readable.push (_stream_readable.js:208:10)
    at TCP.onread (net.js:607:20)}
Build info: version: '3.12.0', revision: '7c6e0b3', time: '2018-05-08T14:04:26.12Z'
System info: host: 'U6017127-TPD-A', ip: '10.9.215.84', os.name: 'Windows 7', os.arch: 'amd64', os.version: '6.1', java.version: '1.8.0_45'
Driver info: driver.version: AndroidDriver
	at Mobile_android_Test.Mobile_andoid_Test.ExerciseTest.ToggleTest(ExerciseTest.java:70)
Caused by: java.lang.ClassCastException: com.google.common.collect.Maps$TransformedEntriesMap cannot be cast to org.openqa.selenium.WebElement
	at Mobile_android_Test.Mobile_andoid_Test.ExerciseTest.ToggleTest(ExerciseTest.java:70)
]]></error>
    <system-err><![CDATA[Jun 19, 2018 4:23:52 PM org.openqa.selenium.remote.ProtocolHandshake createSession
INFO: Detected dialect: OSS
]]></system-err>
  </testcase>
</testsuite>